This is pdfTeX, Version 3.141592653-2.6-1.40.24 (TeX Live 2022) (preloaded format=pdflatex 2022.9.7)  6 DEC 2022 21:48
entering extended mode
 restricted \write18 enabled.
 %&-line parsing enabled.
**Report.tex
(./Report.tex
LaTeX2e <2021-11-15> patch level 1
L3 programming layer <2022-02-24>
(/usr/local/texlive/2022/texmf-dist/tex/latex/base/article.cls
Document Class: article 2021/10/04 v1.4n Standard LaTeX document class
(/usr/local/texlive/2022/texmf-dist/tex/latex/base/size10.clo
File: size10.clo 2021/10/04 v1.4n Standard LaTeX file (size option)
)
\c@part=\count185
\c@section=\count186
\c@subsection=\count187
\c@subsubsection=\count188
\c@paragraph=\count189
\c@subparagraph=\count190
\c@figure=\count191
\c@table=\count192
\abovecaptionskip=\skip47
\belowcaptionskip=\skip48
\bibindent=\dimen138
) (./cvpr.sty
Package: cvpr 2021/08/23 Example LaTex class for IEEE CVPR

(/usr/local/texlive/2022/texmf-dist/tex/latex/psnfss/times.sty
Package: times 2020/03/25 PSNFSS-v9.3 (SPQR) 
)
(/usr/local/texlive/2022/texmf-dist/tex/latex/cite/cite.sty
LaTeX Info: Redefining \cite on input line 302.
LaTeX Info: Redefining \nocite on input line 332.
Package: cite 2015/02/27  v 5.5
)
(/usr/local/texlive/2022/texmf-dist/tex/latex/tools/xspace.sty
Package: xspace 2014/10/28 v1.13 Space after command names (DPC,MH)
)
(/usr/local/texlive/2022/texmf-dist/tex/latex/silence/silence.sty
Package: silence 2012/07/02 v1.5b Selective filtering of warnings and error mes
sages
\sl@Save=\count193
\sl@StateNumber=\count194
\sl@MessageCount=\count195
\sl@Casualties=\count196
\sl@Filter=\toks16
\sl@Message=\toks17
\sl@UnexpandedMessage=\toks18
\sl@Mess@ge=\toks19
\sl@WarningCount=\count197
\sl@WarningNumber=\count198
\sl@WarningCasualties=\count199
\sl@TempBOW=\toks20
\sl@BankOfWarnings=\toks21
LaTeX Info: Redefining \GenericWarning on input line 433.
\sl@ErrorCount=\count266
\sl@ErrorNumber=\count267
\sl@ErrorCasualties=\count268
\sl@TempBOE=\toks22
\sl@BankOfErrors=\toks23
LaTeX Info: Redefining \GenericError on input line 601.
)
(/usr/local/texlive/2022/texmf-dist/tex/latex/etoolbox/etoolbox.sty
Package: etoolbox 2020/10/05 v2.5k e-TeX tools for LaTeX (JAW)
\etb@tempcnta=\count269
)
(/usr/local/texlive/2022/texmf-dist/tex/latex/caption/caption.sty
Package: caption 2022/03/01 v3.6b Customizing captions (AR)

(/usr/local/texlive/2022/texmf-dist/tex/latex/caption/caption3.sty
Package: caption3 2022/03/17 v2.3b caption3 kernel (AR)

(/usr/local/texlive/2022/texmf-dist/tex/latex/graphics/keyval.sty
Package: keyval 2014/10/28 v1.15 key=value parser (DPC)
\KV@toks@=\toks24
)
\caption@tempdima=\dimen139
\captionmargin=\dimen140
\caption@leftmargin=\dimen141
\caption@rightmargin=\dimen142
\caption@width=\dimen143
\caption@indent=\dimen144
\caption@parindent=\dimen145
\caption@hangindent=\dimen146
Package caption Info: Standard document class detected.
)
\c@caption@flags=\count270
\c@continuedfloat=\count271
)
(/usr/local/texlive/2022/texmf-dist/tex/latex/caption/subcaption.sty
Package: subcaption 2022/01/07 v1.5 Sub-captions (AR)
\c@subfigure=\count272
\c@subtable=\count273
)
(/usr/local/texlive/2022/texmf-dist/tex/latex/url/url.sty
\Urlmuskip=\muskip16
Package: url 2013/09/16  ver 3.4  Verb mode for urls, etc.
)
CVPR 8.5 x 11-Inch Proceedings Style `cvpr.sty'.
\cvprrulerbox=\box50
\cvprrulercount=\count274
\cvprruleroffset=\dimen147
\cv@lineheight=\dimen148
\cv@boxheight=\dimen149
\cv@tmpbox=\box51
\cv@refno=\count275
\cv@tot=\count276
\cv@tmpc@=\count277
\cv@tmpc=\count278
) (/usr/local/texlive/2022/texmf-dist/tex/latex/graphics/graphicx.sty
Package: graphicx 2021/09/16 v1.2d Enhanced LaTeX Graphics (DPC,SPQR)

(/usr/local/texlive/2022/texmf-dist/tex/latex/graphics/graphics.sty
Package: graphics 2021/03/04 v1.4d Standard LaTeX Graphics (DPC,SPQR)

(/usr/local/texlive/2022/texmf-dist/tex/latex/graphics/trig.sty
Package: trig 2021/08/11 v1.11 sin cos tan (DPC)
)
(/usr/local/texlive/2022/texmf-dist/tex/latex/graphics-cfg/graphics.cfg
File: graphics.cfg 2016/06/04 v1.11 sample graphics configuration
)
Package graphics Info: Driver file: pdftex.def on input line 107.

(/usr/local/texlive/2022/texmf-dist/tex/latex/graphics-def/pdftex.def
File: pdftex.def 2020/10/05 v1.2a Graphics/color driver for pdftex
))
\Gin@req@height=\dimen150
\Gin@req@width=\dimen151
)
(/usr/local/texlive/2022/texmf-dist/tex/latex/amsmath/amsmath.sty
Package: amsmath 2021/10/15 v2.17l AMS math features
\@mathmargin=\skip49

For additional information on amsmath, use the `?' option.
(/usr/local/texlive/2022/texmf-dist/tex/latex/amsmath/amstext.sty
Package: amstext 2021/08/26 v2.01 AMS text

(/usr/local/texlive/2022/texmf-dist/tex/latex/amsmath/amsgen.sty
File: amsgen.sty 1999/11/30 v2.0 generic functions
\@emptytoks=\toks25
\ex@=\dimen152
))
(/usr/local/texlive/2022/texmf-dist/tex/latex/amsmath/amsbsy.sty
Package: amsbsy 1999/11/29 v1.2d Bold Symbols
\pmbraise@=\dimen153
)
(/usr/local/texlive/2022/texmf-dist/tex/latex/amsmath/amsopn.sty
Package: amsopn 2021/08/26 v2.02 operator names
)
\inf@bad=\count279
LaTeX Info: Redefining \frac on input line 234.
\uproot@=\count280
\leftroot@=\count281
LaTeX Info: Redefining \overline on input line 399.
\classnum@=\count282
\DOTSCASE@=\count283
LaTeX Info: Redefining \ldots on input line 496.
LaTeX Info: Redefining \dots on input line 499.
LaTeX Info: Redefining \cdots on input line 620.
\Mathstrutbox@=\box52
\strutbox@=\box53
\big@size=\dimen154
LaTeX Font Info:    Redeclaring font encoding OML on input line 743.
LaTeX Font Info:    Redeclaring font encoding OMS on input line 744.
\macc@depth=\count284
\c@MaxMatrixCols=\count285
\dotsspace@=\muskip17
\c@parentequation=\count286
\dspbrk@lvl=\count287
\tag@help=\toks26
\row@=\count288
\column@=\count289
\maxfields@=\count290
\andhelp@=\toks27
\eqnshift@=\dimen155
\alignsep@=\dimen156
\tagshift@=\dimen157
\tagwidth@=\dimen158
\totwidth@=\dimen159
\lineht@=\dimen160
\@envbody=\toks28
\multlinegap=\skip50
\multlinetaggap=\skip51
\mathdisplay@stack=\toks29
LaTeX Info: Redefining \[ on input line 2938.
LaTeX Info: Redefining \] on input line 2939.
)
(/usr/local/texlive/2022/texmf-dist/tex/latex/amsfonts/amssymb.sty
Package: amssymb 2013/01/14 v3.01 AMS font symbols

(/usr/local/texlive/2022/texmf-dist/tex/latex/amsfonts/amsfonts.sty
Package: amsfonts 2013/01/14 v3.01 Basic AMSFonts support
\symAMSa=\mathgroup4
\symAMSb=\mathgroup5
LaTeX Font Info:    Redeclaring math symbol \hbar on input line 98.
LaTeX Font Info:    Overwriting math alphabet `\mathfrak' in version `bold'
(Font)                  U/euf/m/n --> U/euf/b/n on input line 106.
))
(/usr/local/texlive/2022/texmf-dist/tex/latex/booktabs/booktabs.sty
Package: booktabs 2020/01/12 v1.61803398 Publication quality tables
\heavyrulewidth=\dimen161
\lightrulewidth=\dimen162
\cmidrulewidth=\dimen163
\belowrulesep=\dimen164
\belowbottomsep=\dimen165
\aboverulesep=\dimen166
\abovetopsep=\dimen167
\cmidrulesep=\dimen168
\cmidrulekern=\dimen169
\defaultaddspace=\dimen170
\@cmidla=\count291
\@cmidlb=\count292
\@aboverulesep=\dimen171
\@belowrulesep=\dimen172
\@thisruleclass=\count293
\@lastruleclass=\count294
\@thisrulewidth=\dimen173
)
(/usr/local/texlive/2022/texmf-dist/tex/latex/breqn/breqn.sty
(/usr/local/texlive/2022/texmf-dist/tex/latex/l3kernel/expl3.sty
Package: expl3 2022-02-24 L3 programming layer (loader) 

(/usr/local/texlive/2022/texmf-dist/tex/latex/l3backend/l3backend-pdftex.def
File: l3backend-pdftex.def 2022-02-07 L3 backend support: PDF output (pdfTeX)
\l__color_backend_stack_int=\count295
\l__pdf_internal_box=\box54
))
Package: breqn 2021/10/28 v0.98l Breaking equations

(/usr/local/texlive/2022/texmf-dist/tex/latex/breqn/flexisym.sty
Package: flexisym 2021/10/28 v0.98l Make math characters macros
LaTeX Info: Redefining \textprime on input line 299.
LaTeX Info: Redefining \not on input line 357.

(/usr/local/texlive/2022/texmf-dist/tex/latex/breqn/cmbase.sym
File: cmbase.sym 2007/12/19 v0.92
LaTeX Info: Redefining \hbar on input line 324.
LaTeX Info: Redefining \surd on input line 326.
LaTeX Info: Redefining \angle on input line 334.
LaTeX Info: Redefining \neq on input line 335.
LaTeX Info: Redefining \mapsto on input line 336.
LaTeX Info: Redefining \cong on input line 337.
LaTeX Info: Redefining \notin on input line 340.
LaTeX Info: Redefining \rightleftharpoons on input line 341.
LaTeX Info: Redefining \doteq on input line 342.
LaTeX Info: Redefining \hookrightarrow on input line 343.
LaTeX Info: Redefining \hookleftarrow on input line 344.
LaTeX Info: Redefining \bowtie on input line 345.
LaTeX Info: Redefining \models on input line 346.
LaTeX Info: Redefining \Longrightarrow on input line 347.
LaTeX Info: Redefining \longrightarrow on input line 348.
LaTeX Info: Redefining \Longleftarrow on input line 349.
LaTeX Info: Redefining \longleftarrow on input line 350.
LaTeX Info: Redefining \longmapsto on input line 351.
LaTeX Info: Redefining \longleftrightarrow on input line 352.
LaTeX Info: Redefining \Longleftrightarrow on input line 353.
LaTeX Info: Redefining \cdots on input line 357.
LaTeX Info: Redefining \vdots on input line 360.
LaTeX Info: Redefining \ddots on input line 365.
)
(/usr/local/texlive/2022/texmf-dist/tex/latex/breqn/mathstyle.sty
Package: mathstyle 2021/10/28 v0.98l Tracking mathstyle implicitly
LaTeX Info: Redefining \displaystyle on input line 95.
LaTeX Info: Redefining \textstyle on input line 97.
LaTeX Info: Redefining \scriptstyle on input line 99.
LaTeX Info: Redefining \scriptscriptstyle on input line 101.
LaTeX Info: Redefining \genfrac on input line 149.
))
(/usr/local/texlive/2022/texmf-dist/tex/latex/tools/calc.sty
Package: calc 2017/05/25 v4.3 Infix arithmetic (KKT,FJ)
\calc@Acount=\count296
\calc@Bcount=\count297
\calc@Adimen=\dimen174
\calc@Bdimen=\dimen175
\calc@Askip=\skip52
\calc@Bskip=\skip53
LaTeX Info: Redefining \setlength on input line 80.
LaTeX Info: Redefining \addtolength on input line 81.
\calc@Ccount=\count298
\calc@Cskip=\skip54
)
\inf@bad=\count299
\maxint=\count300
\listwidth=\dimen176
\eqnumsep=\dimen177
\eqmargin=\dimen178
\eqlinespacing=\skip55
\eqlineskip=\skip56
\eqlineskiplimit=\dimen179
\eqbinoffset=\muskip18
\eqdelimoffset=\muskip19
\eqindentstep=\dimen180
\eqstyle=\toks30
\eqbreakdepth=\count301
\eqinterlinepenalty=\count302
\intereqpenalty=\count303
\intereqskip=\skip57
\prerelpenalty=\count304
\prebinoppenalty=\count305
\Dmedmuskip=\muskip20
\Dthickmuskip=\muskip21
\eqleftskip=\skip58
\eqrightskip=\skip59
\eq@vspan=\skip60
\eq@binoffset=\muskip22
\EQ@box=\box55
\EQ@copy=\box56
\EQ@numbox=\box57
\eq@wdNum=\dimen181
\GRP@numbox=\box58
\grp@wdNum=\dimen182
\eq@lines=\count306
\eq@curline=\count307
\eq@badness=\count308
\EQ@vims=\count309
\eq@dp=\dimen183
\eq@wdL=\dimen184
\eq@wdT=\dimen185
\eq@wdMin=\dimen186
\grp@wdL=\dimen187
\grp@wdR=\dimen188
\grp@wdT=\dimen189
\eq@wdRmax=\dimen190
\eq@firstht=\dimen191
\eq@wdCond=\dimen192
\eq@indentstep=\dimen193
\eq@linewidth=\dimen194
\grp@linewidth=\dimen195
\eq@hshift=\dimen196
\eq@given@sidespace=\dimen197
\mathindent=\dimen198
\eq@final@linecount=\count310
\eq@wdR=\dimen199
\EQ@continue=\toks31
\lr@level=\count311
\GRP@queue=\toks32
\GRP@box=\box59
\GRP@wholebox=\box60
\darraycolsep=\skip61
\cur@row=\count312
\cur@col=\count313
\conditionsep=\skip62
)
(/usr/local/texlive/2022/texmf-dist/tex/latex/hyperref/hyperref.sty
Package: hyperref 2022-02-21 v7.00n Hypertext links for LaTeX

(/usr/local/texlive/2022/texmf-dist/tex/generic/ltxcmds/ltxcmds.sty
Package: ltxcmds 2020-05-10 v1.25 LaTeX kernel commands for general use (HO)
)
(/usr/local/texlive/2022/texmf-dist/tex/generic/iftex/iftex.sty
Package: iftex 2022/02/03 v1.0f TeX engine tests
)
(/usr/local/texlive/2022/texmf-dist/tex/generic/pdftexcmds/pdftexcmds.sty
Package: pdftexcmds 2020-06-27 v0.33 Utility functions of pdfTeX for LuaTeX (HO
)

(/usr/local/texlive/2022/texmf-dist/tex/generic/infwarerr/infwarerr.sty
Package: infwarerr 2019/12/03 v1.5 Providing info/warning/error messages (HO)
)
Package pdftexcmds Info: \pdf@primitive is available.
Package pdftexcmds Info: \pdf@ifprimitive is available.
Package pdftexcmds Info: \pdfdraftmode found.
)
(/usr/local/texlive/2022/texmf-dist/tex/generic/kvsetkeys/kvsetkeys.sty
Package: kvsetkeys 2019/12/15 v1.18 Key value parser (HO)
)
(/usr/local/texlive/2022/texmf-dist/tex/generic/kvdefinekeys/kvdefinekeys.sty
Package: kvdefinekeys 2019-12-19 v1.6 Define keys (HO)
)
(/usr/local/texlive/2022/texmf-dist/tex/generic/pdfescape/pdfescape.sty
Package: pdfescape 2019/12/09 v1.15 Implements pdfTeX's escape features (HO)
)
(/usr/local/texlive/2022/texmf-dist/tex/latex/hycolor/hycolor.sty
Package: hycolor 2020-01-27 v1.10 Color options for hyperref/bookmark (HO)
)
(/usr/local/texlive/2022/texmf-dist/tex/latex/letltxmacro/letltxmacro.sty
Package: letltxmacro 2019/12/03 v1.6 Let assignment for LaTeX macros (HO)
)
(/usr/local/texlive/2022/texmf-dist/tex/latex/auxhook/auxhook.sty
Package: auxhook 2019-12-17 v1.6 Hooks for auxiliary files (HO)
)
(/usr/local/texlive/2022/texmf-dist/tex/latex/kvoptions/kvoptions.sty
Package: kvoptions 2020-10-07 v3.14 Key value format for package options (HO)
)
\@linkdim=\dimen256
\Hy@linkcounter=\count314
\Hy@pagecounter=\count315

(/usr/local/texlive/2022/texmf-dist/tex/latex/hyperref/pd1enc.def
File: pd1enc.def 2022-02-21 v7.00n Hyperref: PDFDocEncoding definition (HO)
Now handling font encoding PD1 ...
... no UTF-8 mapping file for font encoding PD1
)
(/usr/local/texlive/2022/texmf-dist/tex/generic/intcalc/intcalc.sty
Package: intcalc 2019/12/15 v1.3 Expandable calculations with integers (HO)
)
(/usr/local/texlive/2022/texmf-dist/tex/generic/etexcmds/etexcmds.sty
Package: etexcmds 2019/12/15 v1.7 Avoid name clashes with e-TeX commands (HO)
)
\Hy@SavedSpaceFactor=\count316

(/usr/local/texlive/2022/texmf-dist/tex/latex/hyperref/puenc.def
File: puenc.def 2022-02-21 v7.00n Hyperref: PDF Unicode definition (HO)
Now handling font encoding PU ...
... no UTF-8 mapping file for font encoding PU
)
Package hyperref Info: Option `breaklinks' set `true' on input line 4018.
Package hyperref Info: Option `colorlinks' set `true' on input line 4018.
Package hyperref Info: Hyper figures OFF on input line 4137.
Package hyperref Info: Link nesting OFF on input line 4142.
Package hyperref Info: Hyper index ON on input line 4145.
Package hyperref Info: Plain pages OFF on input line 4152.
Package hyperref Info: Backreferencing ON on input line 4155.
Package hyperref Info: Implicit mode ON; LaTeX internals redefined.
Package hyperref Info: Bookmarks ON on input line 4390.

(/usr/local/texlive/2022/texmf-dist/tex/latex/hyperref/backref.sty
Package: backref 2021/02/04 v1.41 Bibliographical back referencing

(/usr/local/texlive/2022/texmf-dist/tex/latex/rerunfilecheck/rerunfilecheck.sty
Package: rerunfilecheck 2019/12/05 v1.9 Rerun checks for auxiliary files (HO)
(/usr/local/texlive/2022/texmf-dist/tex/latex/base/atveryend-ltx.sty
Package: atveryend-ltx 2020/08/19 v1.0a Emulation of the original atveryend pac
kage
with kernel methods
)
(/usr/local/texlive/2022/texmf-dist/tex/generic/uniquecounter/uniquecounter.sty
Package: uniquecounter 2019/12/15 v1.4 Provide unlimited unique counter (HO)
(/usr/local/texlive/2022/texmf-dist/tex/generic/bigintcalc/bigintcalc.sty
Package: bigintcalc 2019/12/15 v1.5 Expandable calculations on big integers (HO
)
))
Package uniquecounter Info: New unique counter `rerunfilecheck' on input line 2
86.
))
\c@Hy@tempcnt=\count317
LaTeX Info: Redefining \url on input line 4749.
\XeTeXLinkMargin=\dimen257

(/usr/local/texlive/2022/texmf-dist/tex/generic/bitset/bitset.sty
Package: bitset 2019/12/09 v1.3 Handle bit-vector datatype (HO)
)
\Fld@menulength=\count318
\Field@Width=\dimen258
\Fld@charsize=\dimen259
Package hyperref Info: Hyper figures OFF on input line 6027.
Package hyperref Info: Link nesting OFF on input line 6032.
Package hyperref Info: Hyper index ON on input line 6035.
Package hyperref Info: backreferencing ON on input line 6040.
Package hyperref Info: Link coloring ON on input line 6045.
Package hyperref Info: Link coloring with OCG OFF on input line 6052.
Package hyperref Info: PDF/A mode OFF on input line 6057.
LaTeX Info: Redefining \ref on input line 6097.
LaTeX Info: Redefining \pageref on input line 6101.

(/usr/local/texlive/2022/texmf-dist/tex/latex/base/atbegshi-ltx.sty
Package: atbegshi-ltx 2021/01/10 v1.0c Emulation of the original atbegshi
package with kernel methods
)
\Hy@abspage=\count319
\c@Item=\count320
\c@Hfootnote=\count321
)
Package hyperref Info: Driver (autodetected): hpdftex.

(/usr/local/texlive/2022/texmf-dist/tex/latex/hyperref/hpdftex.def
File: hpdftex.def 2022-02-21 v7.00n Hyperref driver for pdfTeX
\Fld@listcount=\count322
\c@bookmark@seq@number=\count323
\Hy@SectionHShift=\skip63
)
(/usr/local/texlive/2022/texmf-dist/tex/latex/cleveref/cleveref.sty
Package: cleveref 2018/03/27 v0.21.4 Intelligent cross-referencing
Package cleveref Info: `hyperref' support loaded on input line 2370.
LaTeX Info: Redefining \cref on input line 2370.
LaTeX Info: Redefining \Cref on input line 2370.
LaTeX Info: Redefining \crefrange on input line 2370.
LaTeX Info: Redefining \Crefrange on input line 2370.
LaTeX Info: Redefining \cpageref on input line 2370.
LaTeX Info: Redefining \Cpageref on input line 2370.
LaTeX Info: Redefining \cpagerefrange on input line 2370.
LaTeX Info: Redefining \Cpagerefrange on input line 2370.
LaTeX Info: Redefining \labelcref on input line 2370.
LaTeX Info: Redefining \labelcpageref on input line 2370.
Package cleveref Info: `breqn' support loaded on input line 3109.
Package cleveref Info: always capitalise cross-reference names on input line 78
30.
Package cleveref Info: always capitalise cross-reference names on input line 78
52.
)
LaTeX Font Info:    Trying to load font information for OT1+ptm on input line 4
6.

(/usr/local/texlive/2022/texmf-dist/tex/latex/psnfss/ot1ptm.fd
File: ot1ptm.fd 2001/06/04 font definitions for OT1/ptm.
) (./Report.aux)
\openout1 = `Report.aux'.

LaTeX Font Info:    Checking defaults for OML/cmm/m/it on input line 46.
LaTeX Font Info:    ... okay on input line 46.
LaTeX Font Info:    Checking defaults for OMS/cmsy/m/n on input line 46.
LaTeX Font Info:    ... okay on input line 46.
LaTeX Font Info:    Checking defaults for OT1/cmr/m/n on input line 46.
LaTeX Font Info:    ... okay on input line 46.
LaTeX Font Info:    Checking defaults for T1/cmr/m/n on input line 46.
LaTeX Font Info:    ... okay on input line 46.
LaTeX Font Info:    Checking defaults for TS1/cmr/m/n on input line 46.
LaTeX Font Info:    ... okay on input line 46.
LaTeX Font Info:    Checking defaults for OMX/cmex/m/n on input line 46.
LaTeX Font Info:    ... okay on input line 46.
LaTeX Font Info:    Checking defaults for U/cmr/m/n on input line 46.
LaTeX Font Info:    ... okay on input line 46.
LaTeX Font Info:    Checking defaults for PD1/pdf/m/n on input line 46.
LaTeX Font Info:    ... okay on input line 46.
LaTeX Font Info:    Checking defaults for PU/pdf/m/n on input line 46.
LaTeX Font Info:    ... okay on input line 46.
Package caption Info: Begin \AtBeginDocument code.
Package caption Info: hyperref package is loaded.
Package caption Info: End \AtBeginDocument code.

ABD: EveryShipout initializing macros
(/usr/local/texlive/2022/texmf-dist/tex/latex/graphics/color.sty
Package: color 2021/12/07 v1.3c Standard LaTeX Color (DPC)

(/usr/local/texlive/2022/texmf-dist/tex/latex/graphics-cfg/color.cfg
File: color.cfg 2016/01/02 v1.6 sample color configuration
)
Package color Info: Driver file: pdftex.def on input line 149.
)
(/usr/local/texlive/2022/texmf-dist/tex/latex/eepic/epic.sty
Enhancements to Picture Environment. Version 1.2 - Released June 1, 1986
\@@multicnt=\count324
\d@lta=\count325
\@delta=\dimen260
\@@delta=\dimen261
\@gridcnt=\count326
\@joinkind=\count327
\@dotgap=\dimen262
\@ddotgap=\dimen263
\@x@diff=\count328
\@y@diff=\count329
\x@diff=\dimen264
\y@diff=\dimen265
\@dotbox=\box61
\num@segments=\count330
\num@segmentsi=\count331
\@datafile=\read2
) (/usr/local/texlive/2022/texmf-dist/tex/context/base/mkii/supp-pdf.mkii
[Loading MPS to PDF converter (version 2006.09.02).]
\scratchcounter=\count332
\scratchdimen=\dimen266
\scratchbox=\box62
\nofMPsegments=\count333
\nofMParguments=\count334
\everyMPshowfont=\toks33
\MPscratchCnt=\count335
\MPscratchDim=\dimen267
\MPnumerator=\count336
\makeMPintoPDFobject=\count337
\everyMPtoPDFconversion=\toks34
) (/usr/local/texlive/2022/texmf-dist/tex/latex/epstopdf-pkg/epstopdf-base.sty
Package: epstopdf-base 2020-01-24 v2.11 Base part for package epstopdf
Package epstopdf-base Info: Redefining graphics rule for `.eps' on input line 4
85.

(/usr/local/texlive/2022/texmf-dist/tex/latex/latexconfig/epstopdf-sys.cfg
File: epstopdf-sys.cfg 2010/07/13 v1.3 Configuration of (r)epstopdf for TeX Liv
e
))
Package hyperref Info: Link coloring ON on input line 46.

(/usr/local/texlive/2022/texmf-dist/tex/latex/hyperref/nameref.sty
Package: nameref 2021-04-02 v2.47 Cross-referencing by name of section

(/usr/local/texlive/2022/texmf-dist/tex/latex/refcount/refcount.sty
Package: refcount 2019/12/15 v3.6 Data extraction from label references (HO)
)
(/usr/local/texlive/2022/texmf-dist/tex/generic/gettitlestring/gettitlestring.s
ty
Package: gettitlestring 2019/12/15 v1.6 Cleanup title references (HO)
)
\c@section@level=\count338
)
LaTeX Info: Redefining \ref on input line 46.
LaTeX Info: Redefining \pageref on input line 46.
LaTeX Info: Redefining \nameref on input line 46.
 (./Report.out) (./Report.out)
\@outlinefile=\write3
\openout3 = `Report.out'.

LaTeX Font Info:    Trying to load font information for U+msa on input line 61.


(/usr/local/texlive/2022/texmf-dist/tex/latex/amsfonts/umsa.fd
File: umsa.fd 2013/01/14 v3.01 AMS symbols A
)
LaTeX Font Info:    Trying to load font information for U+msb on input line 61.


(/usr/local/texlive/2022/texmf-dist/tex/latex/amsfonts/umsb.fd
File: umsb.fd 2013/01/14 v3.01 AMS symbols B
)
LaTeX Font Info:    Trying to load font information for OT1+pcr on input line 6
1.

(/usr/local/texlive/2022/texmf-dist/tex/latex/psnfss/ot1pcr.fd
File: ot1pcr.fd 2001/06/04 font definitions for OT1/pcr.
)
LaTeX Font Info:    Trying to load font information for TS1+ptm on input line 7
9.

(/usr/local/texlive/2022/texmf-dist/tex/latex/psnfss/ts1ptm.fd
File: ts1ptm.fd 2001/06/04 font definitions for TS1/ptm.
)
<Images/Grad-CAM.png, id=61, 313.17pt x 166.6225pt>
File: Images/Grad-CAM.png Graphic file (type png)
<use Images/Grad-CAM.png>
Package pdftex.def Info: Images/Grad-CAM.png  used on input line 89.
(pdftex.def)             Requested size: 237.13594pt x 126.17168pt.
 [1{/usr/local/texlive/2022/texmf-var/fonts/map/pdftex/updmap/pdftex.map}


]
<Images/MOS_Histogram.png, id=83, 433.62pt x 433.62pt>
File: Images/MOS_Histogram.png Graphic file (type png)
<use Images/MOS_Histogram.png>
Package pdftex.def Info: Images/MOS_Histogram.png  used on input line 122.
(pdftex.def)             Requested size: 237.13594pt x 237.13535pt.
<Images/Quality_Category_Histogram.png, id=84, 433.62pt x 433.62pt>
File: Images/Quality_Category_Histogram.png Graphic file (type png)
<use Images/Quality_Category_Histogram.png>
Package pdftex.def Info: Images/Quality_Category_Histogram.png  used on input l
ine 127.
(pdftex.def)             Requested size: 237.13594pt x 237.13535pt.
LaTeX Font Info:    Trying to load font information for OMS+ptm on input line 1
32.

(/usr/local/texlive/2022/texmf-dist/tex/latex/psnfss/omsptm.fd
File: omsptm.fd 
)
LaTeX Font Info:    Font shape `OMS/ptm/m/n' in size <10> not available
(Font)              Font shape `OMS/cmsy/m/n' tried instead on input line 132.
 [2 <./Images/Grad-CAM.png>]
<Images/test_images/severity=-1/buffet.png, id=96, 224.84pt x 224.84pt>
File: Images/test_images/severity=-1/buffet.png Graphic file (type png)
<use Images/test_images/severity=-1/buffet.png>
Package pdftex.def Info: Images/test_images/severity=-1/buffet.png  used on inp
ut line 142.
(pdftex.def)             Requested size: 116.1979pt x 116.197pt.
<Images/test_images/severity=0/buffet.png, id=97, 224.84pt x 224.84pt>
File: Images/test_images/severity=0/buffet.png Graphic file (type png)
<use Images/test_images/severity=0/buffet.png>
Package pdftex.def Info: Images/test_images/severity=0/buffet.png  used on inpu
t line 144.
(pdftex.def)             Requested size: 116.1979pt x 116.197pt.
<Images/saliency_maps/paq2piq/severity=0/buffet.png, id=98, 224.84pt x 224.84pt
>
File: Images/saliency_maps/paq2piq/severity=0/buffet.png Graphic file (type png
)
<use Images/saliency_maps/paq2piq/severity=0/buffet.png>
Package pdftex.def Info: Images/saliency_maps/paq2piq/severity=0/buffet.png  us
ed on input line 146.
(pdftex.def)             Requested size: 116.1979pt x 116.197pt.
<Images/saliency_maps/resnet18/severity=0/buffet.png, id=99, 224.84pt x 224.84p
t>
File: Images/saliency_maps/resnet18/severity=0/buffet.png Graphic file (type pn
g)
<use Images/saliency_maps/resnet18/severity=0/buffet.png>
Package pdftex.def Info: Images/saliency_maps/resnet18/severity=0/buffet.png  u
sed on input line 147.
(pdftex.def)             Requested size: 116.1979pt x 116.197pt.
 [3 <./Images/MOS_Histogram.png> <./Images/Quality_Category_Histogram.png> <./I
mages/test_images/severity=-1/buffet.png (PNG copy)> <./Images/test_images/seve
rity=0/buffet.png (PNG copy)> <./Images/saliency_maps/paq2piq/severity=0/buffet
.png (PNG copy)> <./Images/saliency_maps/resnet18/severity=0/buffet.png (PNG co
py)>]
<Images/brightness.png, id=109, 1300.86pt x 433.62pt>
File: Images/brightness.png Graphic file (type png)
<use Images/brightness.png>
Package pdftex.def Info: Images/brightness.png  used on input line 160.
(pdftex.def)             Requested size: 237.13594pt x 79.0407pt.
File: Images/test_images/severity=0/buffet.png Graphic file (type png)
<use Images/test_images/severity=0/buffet.png>
Package pdftex.def Info: Images/test_images/severity=0/buffet.png  used on inpu
t line 165.
(pdftex.def)             Requested size: 116.1979pt x 116.197pt.
<Images/test_images/severity=1/brightness/buffet.png, id=110, 224.84pt x 224.84
pt>
File: Images/test_images/severity=1/brightness/buffet.png Graphic file (type pn
g)
<use Images/test_images/severity=1/brightness/buffet.png>
Package pdftex.def Info: Images/test_images/severity=1/brightness/buffet.png  u
sed on input line 166.
(pdftex.def)             Requested size: 116.1979pt x 116.197pt.
<Images/saliency_maps/paq2piq/severity=1/brightness/buffet.png, id=111, 224.84p
t x 224.84pt>
File: Images/saliency_maps/paq2piq/severity=1/brightness/buffet.png Graphic fil
e (type png)
<use Images/saliency_maps/paq2piq/severity=1/brightness/buffet.png>
Package pdftex.def Info: Images/saliency_maps/paq2piq/severity=1/brightness/buf
fet.png  used on input line 168.
(pdftex.def)             Requested size: 116.1979pt x 116.197pt.
<Images/saliency_maps/resnet18/severity=1/brightness/buffet.png, id=112, 224.84
pt x 224.84pt>
File: Images/saliency_maps/resnet18/severity=1/brightness/buffet.png Graphic fi
le (type png)
<use Images/saliency_maps/resnet18/severity=1/brightness/buffet.png>
Package pdftex.def Info: Images/saliency_maps/resnet18/severity=1/brightness/bu
ffet.png  used on input line 169.
(pdftex.def)             Requested size: 116.1979pt x 116.197pt.
File: Images/test_images/severity=0/buffet.png Graphic file (type png)
<use Images/test_images/severity=0/buffet.png>
Package pdftex.def Info: Images/test_images/severity=0/buffet.png  used on inpu
t line 174.
(pdftex.def)             Requested size: 116.1979pt x 116.197pt.
<Images/test_images/severity=2/brightness/buffet.png, id=113, 224.84pt x 224.84
pt>
File: Images/test_images/severity=2/brightness/buffet.png Graphic file (type pn
g)
<use Images/test_images/severity=2/brightness/buffet.png>
Package pdftex.def Info: Images/test_images/severity=2/brightness/buffet.png  u
sed on input line 175.
(pdftex.def)             Requested size: 116.1979pt x 116.197pt.
<Images/saliency_maps/paq2piq/severity=2/brightness/buffet.png, id=114, 224.84p
t x 224.84pt>
File: Images/saliency_maps/paq2piq/severity=2/brightness/buffet.png Graphic fil
e (type png)
<use Images/saliency_maps/paq2piq/severity=2/brightness/buffet.png>
Package pdftex.def Info: Images/saliency_maps/paq2piq/severity=2/brightness/buf
fet.png  used on input line 177.
(pdftex.def)             Requested size: 116.1979pt x 116.197pt.
<Images/saliency_maps/resnet18/severity=2/brightness/buffet.png, id=115, 224.84
pt x 224.84pt>
File: Images/saliency_maps/resnet18/severity=2/brightness/buffet.png Graphic fi
le (type png)
<use Images/saliency_maps/resnet18/severity=2/brightness/buffet.png>
Package pdftex.def Info: Images/saliency_maps/resnet18/severity=2/brightness/bu
ffet.png  used on input line 178.
(pdftex.def)             Requested size: 116.1979pt x 116.197pt.
<Images/contrast.png, id=116, 1300.86pt x 433.62pt>
File: Images/contrast.png Graphic file (type png)
<use Images/contrast.png>
Package pdftex.def Info: Images/contrast.png  used on input line 187.
(pdftex.def)             Requested size: 237.13594pt x 79.0407pt.
File: Images/test_images/severity=0/buffet.png Graphic file (type png)
<use Images/test_images/severity=0/buffet.png>
Package pdftex.def Info: Images/test_images/severity=0/buffet.png  used on inpu
t line 192.
(pdftex.def)             Requested size: 116.1979pt x 116.197pt.
<Images/test_images/severity=1/contrast/buffet.png, id=117, 224.84pt x 224.84pt
>
File: Images/test_images/severity=1/contrast/buffet.png Graphic file (type png)

<use Images/test_images/severity=1/contrast/buffet.png>
Package pdftex.def Info: Images/test_images/severity=1/contrast/buffet.png  use
d on input line 193.
(pdftex.def)             Requested size: 116.1979pt x 116.197pt.
<Images/saliency_maps/paq2piq/severity=1/contrast/buffet.png, id=118, 224.84pt 
x 224.84pt>
File: Images/saliency_maps/paq2piq/severity=1/contrast/buffet.png Graphic file 
(type png)
<use Images/saliency_maps/paq2piq/severity=1/contrast/buffet.png>
Package pdftex.def Info: Images/saliency_maps/paq2piq/severity=1/contrast/buffe
t.png  used on input line 195.
(pdftex.def)             Requested size: 116.1979pt x 116.197pt.
<Images/saliency_maps/resnet18/severity=1/contrast/buffet.png, id=119, 224.84pt
 x 224.84pt>
File: Images/saliency_maps/resnet18/severity=1/contrast/buffet.png Graphic file
 (type png)
<use Images/saliency_maps/resnet18/severity=1/contrast/buffet.png>
Package pdftex.def Info: Images/saliency_maps/resnet18/severity=1/contrast/buff
et.png  used on input line 196.
(pdftex.def)             Requested size: 116.1979pt x 116.197pt.
File: Images/test_images/severity=0/buffet.png Graphic file (type png)
<use Images/test_images/severity=0/buffet.png>
Package pdftex.def Info: Images/test_images/severity=0/buffet.png  used on inpu
t line 201.
(pdftex.def)             Requested size: 116.1979pt x 116.197pt.
<Images/test_images/severity=2/contrast/buffet.png, id=120, 224.84pt x 224.84pt
>
File: Images/test_images/severity=2/contrast/buffet.png Graphic file (type png)

<use Images/test_images/severity=2/contrast/buffet.png>
Package pdftex.def Info: Images/test_images/severity=2/contrast/buffet.png  use
d on input line 202.
(pdftex.def)             Requested size: 116.1979pt x 116.197pt.
<Images/saliency_maps/paq2piq/severity=2/contrast/buffet.png, id=121, 224.84pt 
x 224.84pt>
File: Images/saliency_maps/paq2piq/severity=2/contrast/buffet.png Graphic file 
(type png)
<use Images/saliency_maps/paq2piq/severity=2/contrast/buffet.png>
Package pdftex.def Info: Images/saliency_maps/paq2piq/severity=2/contrast/buffe
t.png  used on input line 204.
(pdftex.def)             Requested size: 116.1979pt x 116.197pt.
<Images/saliency_maps/resnet18/severity=2/contrast/buffet.png, id=122, 224.84pt
 x 224.84pt>
File: Images/saliency_maps/resnet18/severity=2/contrast/buffet.png Graphic file
 (type png)
<use Images/saliency_maps/resnet18/severity=2/contrast/buffet.png>
Package pdftex.def Info: Images/saliency_maps/resnet18/severity=2/contrast/buff
et.png  used on input line 205.
(pdftex.def)             Requested size: 116.1979pt x 116.197pt.
<Images/jpeg_compression.png, id=123, 1300.86pt x 433.62pt>
File: Images/jpeg_compression.png Graphic file (type png)
<use Images/jpeg_compression.png>
Package pdftex.def Info: Images/jpeg_compression.png  used on input line 214.
(pdftex.def)             Requested size: 237.13594pt x 79.0407pt.
File: Images/test_images/severity=0/buffet.png Graphic file (type png)
<use Images/test_images/severity=0/buffet.png>
Package pdftex.def Info: Images/test_images/severity=0/buffet.png  used on inpu
t line 219.
(pdftex.def)             Requested size: 116.1979pt x 116.197pt.
<Images/test_images/severity=1/jpeg_compression/buffet.png, id=124, 224.84pt x 
224.84pt>
File: Images/test_images/severity=1/jpeg_compression/buffet.png Graphic file (t
ype png)
<use Images/test_images/severity=1/jpeg_compression/buffet.png>
Package pdftex.def Info: Images/test_images/severity=1/jpeg_compression/buffet.
png  used on input line 220.
(pdftex.def)             Requested size: 116.1979pt x 116.197pt.
<Images/saliency_maps/paq2piq/severity=1/jpeg_compression/buffet.png, id=125, 2
24.84pt x 224.84pt>
File: Images/saliency_maps/paq2piq/severity=1/jpeg_compression/buffet.png Graph
ic file (type png)
<use Images/saliency_maps/paq2piq/severity=1/jpeg_compression/buffet.png>
Package pdftex.def Info: Images/saliency_maps/paq2piq/severity=1/jpeg_compressi
on/buffet.png  used on input line 222.
(pdftex.def)             Requested size: 116.1979pt x 116.197pt.
<Images/saliency_maps/resnet18/severity=1/jpeg_compression/buffet.png, id=126, 
224.84pt x 224.84pt>
File: Images/saliency_maps/resnet18/severity=1/jpeg_compression/buffet.png Grap
hic file (type png)
<use Images/saliency_maps/resnet18/severity=1/jpeg_compression/buffet.png>
Package pdftex.def Info: Images/saliency_maps/resnet18/severity=1/jpeg_compress
ion/buffet.png  used on input line 223.
(pdftex.def)             Requested size: 116.1979pt x 116.197pt.
File: Images/test_images/severity=0/buffet.png Graphic file (type png)
<use Images/test_images/severity=0/buffet.png>
Package pdftex.def Info: Images/test_images/severity=0/buffet.png  used on inpu
t line 228.
(pdftex.def)             Requested size: 116.1979pt x 116.197pt.
<Images/test_images/severity=2/jpeg_compression/buffet.png, id=127, 224.84pt x 
224.84pt>
File: Images/test_images/severity=2/jpeg_compression/buffet.png Graphic file (t
ype png)
<use Images/test_images/severity=2/jpeg_compression/buffet.png>
Package pdftex.def Info: Images/test_images/severity=2/jpeg_compression/buffet.
png  used on input line 229.
(pdftex.def)             Requested size: 116.1979pt x 116.197pt.
<Images/saliency_maps/paq2piq/severity=2/jpeg_compression/buffet.png, id=128, 2
24.84pt x 224.84pt>
File: Images/saliency_maps/paq2piq/severity=2/jpeg_compression/buffet.png Graph
ic file (type png)
<use Images/saliency_maps/paq2piq/severity=2/jpeg_compression/buffet.png>
Package pdftex.def Info: Images/saliency_maps/paq2piq/severity=2/jpeg_compressi
on/buffet.png  used on input line 231.
(pdftex.def)             Requested size: 116.1979pt x 116.197pt.
<Images/saliency_maps/resnet18/severity=2/jpeg_compression/buffet.png, id=129, 
224.84pt x 224.84pt>
File: Images/saliency_maps/resnet18/severity=2/jpeg_compression/buffet.png Grap
hic file (type png)
<use Images/saliency_maps/resnet18/severity=2/jpeg_compression/buffet.png>
Package pdftex.def Info: Images/saliency_maps/resnet18/severity=2/jpeg_compress
ion/buffet.png  used on input line 232.
(pdftex.def)             Requested size: 116.1979pt x 116.197pt.
 [4 <./Images/brightness.png> <./Images/test_images/severity=1/brightness/buffe
t.png (PNG copy)> <./Images/saliency_maps/paq2piq/severity=1/brightness/buffet.
png (PNG copy)> <./Images/saliency_maps/resnet18/severity=1/brightness/buffet.p
ng (PNG copy)> <./Images/test_images/severity=2/brightness/buffet.png (PNG copy
)> <./Images/saliency_maps/paq2piq/severity=2/brightness/buffet.png (PNG copy)>
 <./Images/saliency_maps/resnet18/severity=2/brightness/buffet.png (PNG copy)> 
<./Images/contrast.png>]
<Images/saturate.png, id=140, 1300.86pt x 433.62pt>
File: Images/saturate.png Graphic file (type png)
<use Images/saturate.png>
Package pdftex.def Info: Images/saturate.png  used on input line 241.
(pdftex.def)             Requested size: 237.13594pt x 79.0407pt.
File: Images/test_images/severity=0/buffet.png Graphic file (type png)
<use Images/test_images/severity=0/buffet.png>
Package pdftex.def Info: Images/test_images/severity=0/buffet.png  used on inpu
t line 246.
(pdftex.def)             Requested size: 116.1979pt x 116.197pt.
<Images/test_images/severity=1/saturate/buffet.png, id=141, 224.84pt x 224.84pt
>
File: Images/test_images/severity=1/saturate/buffet.png Graphic file (type png)

<use Images/test_images/severity=1/saturate/buffet.png>
Package pdftex.def Info: Images/test_images/severity=1/saturate/buffet.png  use
d on input line 247.
(pdftex.def)             Requested size: 116.1979pt x 116.197pt.
<Images/saliency_maps/paq2piq/severity=1/saturate/buffet.png, id=142, 224.84pt 
x 224.84pt>
File: Images/saliency_maps/paq2piq/severity=1/saturate/buffet.png Graphic file 
(type png)
<use Images/saliency_maps/paq2piq/severity=1/saturate/buffet.png>
Package pdftex.def Info: Images/saliency_maps/paq2piq/severity=1/saturate/buffe
t.png  used on input line 249.
(pdftex.def)             Requested size: 116.1979pt x 116.197pt.
<Images/saliency_maps/resnet18/severity=1/saturate/buffet.png, id=143, 224.84pt
 x 224.84pt>
File: Images/saliency_maps/resnet18/severity=1/saturate/buffet.png Graphic file
 (type png)
<use Images/saliency_maps/resnet18/severity=1/saturate/buffet.png>
Package pdftex.def Info: Images/saliency_maps/resnet18/severity=1/saturate/buff
et.png  used on input line 250.
(pdftex.def)             Requested size: 116.1979pt x 116.197pt.
File: Images/test_images/severity=0/buffet.png Graphic file (type png)
<use Images/test_images/severity=0/buffet.png>
Package pdftex.def Info: Images/test_images/severity=0/buffet.png  used on inpu
t line 255.
(pdftex.def)             Requested size: 116.1979pt x 116.197pt.
<Images/test_images/severity=2/saturate/buffet.png, id=144, 224.84pt x 224.84pt
>
File: Images/test_images/severity=2/saturate/buffet.png Graphic file (type png)

<use Images/test_images/severity=2/saturate/buffet.png>
Package pdftex.def Info: Images/test_images/severity=2/saturate/buffet.png  use
d on input line 256.
(pdftex.def)             Requested size: 116.1979pt x 116.197pt.
<Images/saliency_maps/paq2piq/severity=2/saturate/buffet.png, id=145, 224.84pt 
x 224.84pt>
File: Images/saliency_maps/paq2piq/severity=2/saturate/buffet.png Graphic file 
(type png)
<use Images/saliency_maps/paq2piq/severity=2/saturate/buffet.png>
Package pdftex.def Info: Images/saliency_maps/paq2piq/severity=2/saturate/buffe
t.png  used on input line 258.
(pdftex.def)             Requested size: 116.1979pt x 116.197pt.
<Images/saliency_maps/resnet18/severity=2/saturate/buffet.png, id=146, 224.84pt
 x 224.84pt>
File: Images/saliency_maps/resnet18/severity=2/saturate/buffet.png Graphic file
 (type png)
<use Images/saliency_maps/resnet18/severity=2/saturate/buffet.png>
Package pdftex.def Info: Images/saliency_maps/resnet18/severity=2/saturate/buff
et.png  used on input line 259.
(pdftex.def)             Requested size: 116.1979pt x 116.197pt.
 [5 <./Images/test_images/severity=1/contrast/buffet.png (PNG copy)> <./Images/
saliency_maps/paq2piq/severity=1/contrast/buffet.png (PNG copy)> <./Images/sali
ency_maps/resnet18/severity=1/contrast/buffet.png (PNG copy)> <./Images/test_im
ages/severity=2/contrast/buffet.png (PNG copy)> <./Images/saliency_maps/paq2piq
/severity=2/contrast/buffet.png (PNG copy)> <./Images/saliency_maps/resnet18/se
verity=2/contrast/buffet.png (PNG copy)> <./Images/jpeg_compression.png> <./Ima
ges/test_images/severity=1/jpeg_compression/buffet.png (PNG copy)> <./Images/sa
liency_maps/paq2piq/severity=1/jpeg_compression/buffet.png (PNG copy)> <./Image
s/saliency_maps/resnet18/severity=1/jpeg_compression/buffet.png (PNG copy)>] (.
/Report.bbl (./Report.brf)
\tf@brf=\write4
\openout4 = `Report.brf'.

LaTeX Font Info:    Font shape `OMS/ptm/m/n' in size <9> not available
(Font)              Font shape `OMS/cmsy/m/n' tried instead on input line 7.
 [6 <./Images/test_images/severity=2/jpeg_compression/buffet.png (PNG copy)> <.
/Images/saliency_maps/paq2piq/severity=2/jpeg_compression/buffet.png (PNG copy)
> <./Images/saliency_maps/resnet18/severity=2/jpeg_compression/buffet.png (PNG 
copy)> <./Images/saturate.png> <./Images/test_images/severity=1/saturate/buffet
.png (PNG copy)> <./Images/saliency_maps/paq2piq/severity=1/saturate/buffet.png
 (PNG copy)> <./Images/saliency_maps/resnet18/severity=1/saturate/buffet.png (P
NG copy)> <./Images/test_images/severity=2/saturate/buffet.png (PNG copy)> <./I
mages/saliency_maps/paq2piq/severity=2/saturate/buffet.png (PNG copy)> <./Image
s/saliency_maps/resnet18/severity=2/saturate/buffet.png (PNG copy)>]) [7

] (./Report.aux)
Package rerunfilecheck Info: File `Report.out' has not changed.
(rerunfilecheck)             Checksum: 6447B1C2EA0EAE673E55534D931C4097;1716.
Package rerunfilecheck Info: File `Report.brf' has not changed.
(rerunfilecheck)             Checksum: 68A88C5609FB58FBDF77A8F5853ACAE5;496.
 ) 
Here is how much of TeX's memory you used:
 14857 strings out of 478268
 256362 string characters out of 5846348
 563855 words of memory out of 5000000
 32779 multiletter control sequences out of 15000+600000
 489391 words of font info for 69 fonts, out of 8000000 for 9000
 1141 hyphenation exceptions out of 8191
 87i,9n,91p,906b,520s stack positions out of 10000i,1000n,20000p,200000b,200000s
{/usr/local/texlive/2022/texmf-dist/fonts/enc/dvips/base/8r.enc}</usr/local/t
exlive/2022/texmf-dist/fonts/type1/public/amsfonts/cm/cmsy10.pfb></usr/local/te
xlive/2022/texmf-dist/fonts/type1/public/amsfonts/cm/cmsy9.pfb></usr/local/texl
ive/2022/texmf-dist/fonts/type1/urw/courier/ucrr8a.pfb></usr/local/texlive/2022
/texmf-dist/fonts/type1/urw/times/utmb8a.pfb></usr/local/texlive/2022/texmf-dis
t/fonts/type1/urw/times/utmr8a.pfb></usr/local/texlive/2022/texmf-dist/fonts/ty
pe1/urw/times/utmri8a.pfb>
Output written on Report.pdf (7 pages, 3222101 bytes).
PDF statistics:
 225 PDF objects out of 1000 (max. 8388607)
 160 compressed objects within 2 object streams
 48 named destinations out of 1000 (max. 500000)
 272 words of extra memory for PDF output out of 10000 (max. 10000000)

